2019-09-30 09:01:10,094 INFO o.a.j.u.JMeterUtils: Setting Locale to en_EN
2019-09-30 09:01:10,122 INFO o.a.j.JMeter: Loading user properties from: /usr/local/Cellar/jmeter/5.1.1/libexec/bin/user.properties
2019-09-30 09:01:10,123 INFO o.a.j.JMeter: Loading system properties from: /usr/local/Cellar/jmeter/5.1.1/libexec/bin/system.properties
2019-09-30 09:01:10,130 INFO o.a.j.JMeter: Copyright (c) 1998-2019 The Apache Software Foundation
2019-09-30 09:01:10,130 INFO o.a.j.JMeter: Version 5.1.1 r1855137
2019-09-30 09:01:10,130 INFO o.a.j.JMeter: java.version=1.8.0_201
2019-09-30 09:01:10,131 INFO o.a.j.JMeter: java.vm.name=Java HotSpot(TM) 64-Bit Server VM
2019-09-30 09:01:10,131 INFO o.a.j.JMeter: os.name=Mac OS X
2019-09-30 09:01:10,131 INFO o.a.j.JMeter: os.arch=x86_64
2019-09-30 09:01:10,131 INFO o.a.j.JMeter: os.version=10.14.5
2019-09-30 09:01:10,131 INFO o.a.j.JMeter: file.encoding=UTF-8
2019-09-30 09:01:10,131 INFO o.a.j.JMeter: java.awt.headless=null
2019-09-30 09:01:10,131 INFO o.a.j.JMeter: Max memory     =1073741824
2019-09-30 09:01:10,131 INFO o.a.j.JMeter: Available Processors =8
2019-09-30 09:01:10,137 INFO o.a.j.JMeter: Default Locale=English (EN)
2019-09-30 09:01:10,137 INFO o.a.j.JMeter: JMeter  Locale=English (EN)
2019-09-30 09:01:10,137 INFO o.a.j.JMeter: JMeterHome=/usr/local/Cellar/jmeter/5.1.1/libexec
2019-09-30 09:01:10,137 INFO o.a.j.JMeter: user.dir  =/Users/khester/innovation-funding-service
2019-09-30 09:01:10,138 INFO o.a.j.JMeter: PWD       =/Users/khester/innovation-funding-service
2019-09-30 09:01:15,142 INFO o.a.j.JMeter: IP: 172.16.60.175 Name: Kierans-MacBook-Pro.local FullName: 172.16.60.175
2019-09-30 09:01:20,060 INFO o.a.j.g.a.LookAndFeelCommand: Installing Darcula LAF
2019-09-30 09:01:20,078 INFO o.a.j.g.a.LookAndFeelCommand: Using look and feel: com.bulenkov.darcula.DarculaLaf [Darcula]
2019-09-30 09:01:20,078 INFO o.a.j.JMeter: Setting LAF to: com.bulenkov.darcula.DarculaLaf
2019-09-30 09:01:20,158 INFO o.a.j.JMeter: Loaded icon properties from org/apache/jmeter/images/icon.properties
2019-09-30 09:01:22,495 INFO o.a.j.JMeter: Loading file: taurus/h2020.jmx
2019-09-30 09:01:22,496 INFO o.a.j.s.FileServer: Default base='/Users/khester/innovation-funding-service'
2019-09-30 09:01:22,498 INFO o.a.j.s.FileServer: Set new base='/Users/khester/innovation-funding-service/taurus'
2019-09-30 09:01:22,720 INFO o.a.j.s.SaveService: Testplan (JMX) version: 2.2. Testlog (JTL) version: 2.2
2019-09-30 09:01:22,749 INFO o.a.j.s.SaveService: Using SaveService properties file encoding UTF-8
2019-09-30 09:01:22,751 INFO o.a.j.s.SaveService: Using SaveService properties version 5.0
2019-09-30 09:01:22,755 INFO o.a.j.s.SaveService: Loading file: taurus/h2020.jmx
2019-09-30 09:01:22,788 INFO o.a.j.p.h.c.CookieManager: Settings: Delete null: true Check: true Allow variable: true Save: false Prefix: COOKIE_
2019-09-30 09:01:22,806 INFO o.a.j.p.h.c.CacheManager: Will only cache the following methods: [GET]
2019-09-30 09:01:22,834 INFO o.a.j.p.h.s.HTTPSamplerBase: Parser for text/html is org.apache.jmeter.protocol.http.parser.LagartoBasedHtmlParser
2019-09-30 09:01:22,835 INFO o.a.j.p.h.s.HTTPSamplerBase: Parser for application/xhtml+xml is org.apache.jmeter.protocol.http.parser.LagartoBasedHtmlParser
2019-09-30 09:01:22,835 INFO o.a.j.p.h.s.HTTPSamplerBase: Parser for application/xml is org.apache.jmeter.protocol.http.parser.LagartoBasedHtmlParser
2019-09-30 09:01:22,835 INFO o.a.j.p.h.s.HTTPSamplerBase: Parser for text/xml is org.apache.jmeter.protocol.http.parser.LagartoBasedHtmlParser
2019-09-30 09:01:22,835 INFO o.a.j.p.h.s.HTTPSamplerBase: Parser for text/vnd.wap.wml is org.apache.jmeter.protocol.http.parser.RegexpHTMLParser
2019-09-30 09:01:22,835 INFO o.a.j.p.h.s.HTTPSamplerBase: Parser for text/css is org.apache.jmeter.protocol.http.parser.CssParser
2019-09-30 09:01:22,882 INFO o.a.j.s.FileServer: Set new base='/Users/khester/innovation-funding-service/taurus'
2019-09-30 09:01:23,015 INFO o.a.j.s.SampleResult: Note: Sample TimeStamps are START times
2019-09-30 09:01:23,015 INFO o.a.j.s.SampleResult: sampleresult.default.encoding is set to ISO-8859-1
2019-09-30 09:01:23,015 INFO o.a.j.s.SampleResult: sampleresult.useNanoTime=true
2019-09-30 09:01:23,015 INFO o.a.j.s.SampleResult: sampleresult.nanoThreadSleep=5000
2019-09-30 09:01:23,445 INFO k.a.j.JMeterPluginsUtils: JMeter-Plugins.org v.1.4.0
2019-09-30 09:01:23,912 WARN o.a.j.g.u.MenuFactory: Could not instantiate class: kg.apc.jmeter.reporters.LoadosophiaUploaderGui
java.lang.reflect.InvocationTargetException: null
	at sun.reflect.NativeConstructorAccessorImpl.newInstance0(Native Method) ~[?:1.8.0_201]
	at sun.reflect.NativeConstructorAccessorImpl.newInstance(NativeConstructorAccessorImpl.java:62) ~[?:1.8.0_201]
	at sun.reflect.DelegatingConstructorAccessorImpl.newInstance(DelegatingConstructorAccessorImpl.java:45) ~[?:1.8.0_201]
	at java.lang.reflect.Constructor.newInstance(Constructor.java:423) ~[?:1.8.0_201]
	at org.apache.jmeter.gui.util.MenuFactory.getGUIComponent(MenuFactory.java:174) ~[ApacheJMeter_core.jar:5.1.1 r1855137]
	at org.apache.jmeter.gui.util.MenuFactory.initializeMenus(MenuFactory.java:141) ~[ApacheJMeter_core.jar:5.1.1 r1855137]
	at org.apache.jmeter.gui.util.MenuFactory.<clinit>(MenuFactory.java:106) ~[ApacheJMeter_core.jar:5.1.1 r1855137]
	at org.apache.jmeter.control.gui.TestPlanGui.createPopupMenu(TestPlanGui.java:92) ~[ApacheJMeter_core.jar:5.1.1 r1855137]
	at org.apache.jmeter.gui.tree.JMeterTreeNode.createPopupMenu(JMeterTreeNode.java:185) ~[ApacheJMeter_core.jar:5.1.1 r1855137]
	at org.apache.jmeter.gui.action.EditCommand.doAction(EditCommand.java:46) ~[ApacheJMeter_core.jar:5.1.1 r1855137]
	at org.apache.jmeter.gui.action.ActionRouter.performAction(ActionRouter.java:88) ~[ApacheJMeter_core.jar:5.1.1 r1855137]
	at org.apache.jmeter.gui.action.ActionRouter.lambda$actionPerformed$0(ActionRouter.java:70) ~[ApacheJMeter_core.jar:5.1.1 r1855137]
	at java.awt.event.InvocationEvent.dispatch(InvocationEvent.java:311) [?:1.8.0_201]
	at java.awt.EventQueue.dispatchEventImpl(EventQueue.java:758) [?:1.8.0_201]
	at java.awt.EventQueue.access$500(EventQueue.java:97) [?:1.8.0_201]
	at java.awt.EventQueue$3.run(EventQueue.java:709) [?:1.8.0_201]
	at java.awt.EventQueue$3.run(EventQueue.java:703) [?:1.8.0_201]
	at java.security.AccessController.doPrivileged(Native Method) [?:1.8.0_201]
	at java.security.ProtectionDomain$JavaSecurityAccessImpl.doIntersectionPrivilege(ProtectionDomain.java:74) [?:1.8.0_201]
	at java.awt.EventQueue.dispatchEvent(EventQueue.java:728) [?:1.8.0_201]
	at java.awt.EventDispatchThread.pumpOneEventForFilters(EventDispatchThread.java:205) [?:1.8.0_201]
	at java.awt.EventDispatchThread.pumpEventsForFilter(EventDispatchThread.java:116) [?:1.8.0_201]
	at java.awt.EventDispatchThread.pumpEventsForHierarchy(EventDispatchThread.java:105) [?:1.8.0_201]
	at java.awt.EventDispatchThread.pumpEvents(EventDispatchThread.java:101) [?:1.8.0_201]
	at java.awt.EventDispatchThread.pumpEvents(EventDispatchThread.java:93) [?:1.8.0_201]
	at java.awt.EventDispatchThread.run(EventDispatchThread.java:82) [?:1.8.0_201]
Caused by: java.lang.NoClassDefFoundError: org/apache/commons/httpclient/methods/multipart/PartSource
	at kg.apc.jmeter.reporters.LoadosophiaUploaderGui.init(LoadosophiaUploaderGui.java:114) ~[JMeterPlugins-Standard.jar:?]
	at kg.apc.jmeter.reporters.LoadosophiaUploaderGui.<init>(LoadosophiaUploaderGui.java:28) ~[JMeterPlugins-Standard.jar:?]
	... 26 more
Caused by: java.lang.ClassNotFoundException: org.apache.commons.httpclient.methods.multipart.PartSource
	at java.net.URLClassLoader.findClass(URLClassLoader.java:382) ~[?:1.8.0_201]
	at java.lang.ClassLoader.loadClass(ClassLoader.java:424) ~[?:1.8.0_201]
	at java.lang.ClassLoader.loadClass(ClassLoader.java:357) ~[?:1.8.0_201]
	at kg.apc.jmeter.reporters.LoadosophiaUploaderGui.init(LoadosophiaUploaderGui.java:114) ~[JMeterPlugins-Standard.jar:?]
	at kg.apc.jmeter.reporters.LoadosophiaUploaderGui.<init>(LoadosophiaUploaderGui.java:28) ~[JMeterPlugins-Standard.jar:?]
	... 26 more
2019-09-30 09:01:24,721 INFO o.a.j.e.KeyToolUtils: keytool found at 'keytool'
2019-09-30 09:01:24,721 INFO o.a.j.p.h.p.ProxyControl: HTTP(S) Test Script Recorder SSL Proxy will use keys that support embedded 3rd party resources in file /usr/local/Cellar/jmeter/5.1.1/libexec/bin/proxyserver.jks
2019-09-30 09:01:25,378 INFO o.a.j.c.IncludeController: loadIncludedElements -- try to load included module: /Users/khester/innovation-funding-service/login.jmx
2019-09-30 09:01:25,378 INFO o.a.j.c.IncludeController: loadIncludedElements -failed for: /Users/khester/innovation-funding-service/login.jmx
2019-09-30 09:01:25,378 INFO o.a.j.c.IncludeController: loadIncludedElements -Attempting to read it from: /Users/khester/innovation-funding-service/taurus/login.jmx
2019-09-30 09:01:25,379 INFO o.a.j.s.SaveService: Loading file: /Users/khester/innovation-funding-service/taurus/login.jmx
2019-09-30 09:01:25,389 INFO o.a.j.c.IncludeController: loadIncludedElements -- try to load included module: /Users/khester/innovation-funding-service/login.jmx
2019-09-30 09:01:25,389 INFO o.a.j.c.IncludeController: loadIncludedElements -failed for: /Users/khester/innovation-funding-service/login.jmx
2019-09-30 09:01:25,389 INFO o.a.j.c.IncludeController: loadIncludedElements -Attempting to read it from: /Users/khester/innovation-funding-service/taurus/login.jmx
2019-09-30 09:01:25,389 INFO o.a.j.s.SaveService: Loading file: /Users/khester/innovation-funding-service/taurus/login.jmx
2019-09-30 09:01:25,393 INFO o.a.j.c.IncludeController: loadIncludedElements -- try to load included module: /Users/khester/innovation-funding-service/login.jmx
2019-09-30 09:01:25,393 INFO o.a.j.c.IncludeController: loadIncludedElements -failed for: /Users/khester/innovation-funding-service/login.jmx
2019-09-30 09:01:25,393 INFO o.a.j.c.IncludeController: loadIncludedElements -Attempting to read it from: /Users/khester/innovation-funding-service/taurus/login.jmx
2019-09-30 09:01:25,394 INFO o.a.j.s.SaveService: Loading file: /Users/khester/innovation-funding-service/taurus/login.jmx
2019-09-30 09:01:25,398 INFO o.a.j.c.IncludeController: loadIncludedElements -- try to load included module: /Users/khester/innovation-funding-service/login.jmx
2019-09-30 09:01:25,398 INFO o.a.j.c.IncludeController: loadIncludedElements -failed for: /Users/khester/innovation-funding-service/login.jmx
2019-09-30 09:01:25,398 INFO o.a.j.c.IncludeController: loadIncludedElements -Attempting to read it from: /Users/khester/innovation-funding-service/taurus/login.jmx
2019-09-30 09:01:25,398 INFO o.a.j.s.SaveService: Loading file: /Users/khester/innovation-funding-service/taurus/login.jmx
2019-09-30 09:01:25,401 INFO o.a.j.c.IncludeController: loadIncludedElements -- try to load included module: /Users/khester/innovation-funding-service/login.jmx
2019-09-30 09:01:25,401 INFO o.a.j.c.IncludeController: loadIncludedElements -failed for: /Users/khester/innovation-funding-service/login.jmx
2019-09-30 09:01:25,401 INFO o.a.j.c.IncludeController: loadIncludedElements -Attempting to read it from: /Users/khester/innovation-funding-service/taurus/login.jmx
2019-09-30 09:01:25,401 INFO o.a.j.s.SaveService: Loading file: /Users/khester/innovation-funding-service/taurus/login.jmx
2019-09-30 09:01:25,403 INFO o.a.j.c.IncludeController: loadIncludedElements -- try to load included module: /Users/khester/innovation-funding-service/login.jmx
2019-09-30 09:01:25,403 INFO o.a.j.c.IncludeController: loadIncludedElements -failed for: /Users/khester/innovation-funding-service/login.jmx
2019-09-30 09:01:25,404 INFO o.a.j.c.IncludeController: loadIncludedElements -Attempting to read it from: /Users/khester/innovation-funding-service/taurus/login.jmx
2019-09-30 09:01:25,404 INFO o.a.j.s.SaveService: Loading file: /Users/khester/innovation-funding-service/taurus/login.jmx
2019-09-30 09:01:25,405 INFO o.a.j.c.IncludeController: loadIncludedElements -- try to load included module: /Users/khester/innovation-funding-service/login.jmx
2019-09-30 09:01:25,406 INFO o.a.j.c.IncludeController: loadIncludedElements -failed for: /Users/khester/innovation-funding-service/login.jmx
2019-09-30 09:01:25,406 INFO o.a.j.c.IncludeController: loadIncludedElements -Attempting to read it from: /Users/khester/innovation-funding-service/taurus/login.jmx
2019-09-30 09:01:25,406 INFO o.a.j.s.SaveService: Loading file: /Users/khester/innovation-funding-service/taurus/login.jmx
2019-09-30 09:01:25,409 INFO o.a.j.c.IncludeController: loadIncludedElements -- try to load included module: /Users/khester/innovation-funding-service/login.jmx
2019-09-30 09:01:25,409 INFO o.a.j.c.IncludeController: loadIncludedElements -failed for: /Users/khester/innovation-funding-service/login.jmx
2019-09-30 09:01:25,409 INFO o.a.j.c.IncludeController: loadIncludedElements -Attempting to read it from: /Users/khester/innovation-funding-service/taurus/login.jmx
2019-09-30 09:01:25,409 INFO o.a.j.s.SaveService: Loading file: /Users/khester/innovation-funding-service/taurus/login.jmx
