2016/01/29 11:29:58 INFO  - jmeter.util.JMeterUtils: Setting Locale to en_GB 
2016/01/29 11:29:58 INFO  - jmeter.JMeter: Copyright (c) 1998-2014 The Apache Software Foundation 
2016/01/29 11:29:58 INFO  - jmeter.JMeter: Version 2.11.20141024 
2016/01/29 11:29:58 INFO  - jmeter.JMeter: java.version=1.7.0_91 
2016/01/29 11:29:58 INFO  - jmeter.JMeter: java.vm.name=OpenJDK 64-Bit Server VM 
2016/01/29 11:29:58 INFO  - jmeter.JMeter: os.name=Linux 
2016/01/29 11:29:58 INFO  - jmeter.JMeter: os.arch=amd64 
2016/01/29 11:29:58 INFO  - jmeter.JMeter: os.version=3.16.0-55-generic 
2016/01/29 11:29:58 INFO  - jmeter.JMeter: file.encoding=UTF-8 
2016/01/29 11:29:58 INFO  - jmeter.JMeter: Default Locale=English (United Kingdom) 
2016/01/29 11:29:58 INFO  - jmeter.JMeter: JMeter  Locale=English (United Kingdom) 
2016/01/29 11:29:58 INFO  - jmeter.JMeter: JMeterHome=/usr/share/jmeter 
2016/01/29 11:29:58 INFO  - jmeter.JMeter: user.dir  =/home/ewan/Documents/project/ifs/innovation-funding-service/jmeter 
2016/01/29 11:29:58 INFO  - jmeter.JMeter: PWD       =/home/ewan/Documents/project/ifs/innovation-funding-service/jmeter 
2016/01/29 11:29:58 INFO  - jmeter.JMeter: IP: 127.0.1.1 Name: spitfire FullName: spitfire 
2016/01/29 11:29:58 INFO  - jmeter.JMeter: Loaded icon properties from org/apache/jmeter/images/icon.properties 
2016/01/29 11:29:59 INFO  - jmeter.gui.action.LookAndFeelCommand: Using look and feel: javax.swing.plaf.metal.MetalLookAndFeel [Metal, CrossPlatform, System] 
2016/01/29 11:29:59 INFO  - jmeter.util.BSFTestElement: Registering JMeter version of JavaScript engine as work-round for BSF-22 
2016/01/29 11:30:00 INFO  - jmeter.protocol.http.sampler.HTTPSamplerBase: No response parsers defined: text/html only will be scanned for embedded resources 
2016/01/29 11:30:00 INFO  - jorphan.exec.KeyToolUtils: keytool found at 'keytool' 
2016/01/29 11:30:00 INFO  - jmeter.protocol.http.proxy.ProxyControl: HTTP(S) Test Script Recorder SSL Proxy will use keys that support embedded 3rd party resources in file /usr/share/jmeter/bin/proxyserver.jks 
2016/01/29 11:30:00 INFO  - jmeter.samplers.SampleResult: Note: Sample TimeStamps are END times 
2016/01/29 11:30:00 INFO  - jmeter.samplers.SampleResult: sampleresult.default.encoding is set to ISO-8859-1 
2016/01/29 11:30:00 INFO  - jmeter.samplers.SampleResult: sampleresult.useNanoTime=true 
2016/01/29 11:30:00 INFO  - jmeter.samplers.SampleResult: sampleresult.nanoThreadSleep=5000 
2016/01/29 11:30:08 INFO  - jmeter.services.FileServer: Default base='/home/ewan/Documents/project/ifs/innovation-funding-service/jmeter' 
2016/01/29 11:30:08 INFO  - jmeter.gui.action.Load: Loading file: /home/ewan/Documents/project/ifs/innovation-funding-service/jmeter/Testing_recording_functionality.jmx 
2016/01/29 11:30:08 INFO  - jmeter.services.FileServer: Set new base='/home/ewan/Documents/project/ifs/innovation-funding-service/jmeter' 
2016/01/29 11:30:08 INFO  - jmeter.save.SaveService: Testplan (JMX) version: 2.2. Testlog (JTL) version: 2.2 
2016/01/29 11:30:08 INFO  - jmeter.save.SaveService: Using SaveService properties file encoding UTF-8 
2016/01/29 11:30:08 INFO  - jmeter.save.SaveService: Using SaveService properties version 2.6 
2016/01/29 11:30:08 INFO  - jmeter.save.SaveService: Using SaveService properties file version 1554411 
2016/01/29 11:30:08 INFO  - jmeter.save.SaveService: All converter versions present and correct 
2016/01/29 11:30:08 INFO  - jmeter.protocol.http.control.CookieManager: Settings: Delete null: false Check: true Allow variable: true Save: true Prefix: COOKIE_ 
2016/01/29 11:30:08 INFO  - jmeter.services.FileServer: Set new base='/home/ewan/Documents/project/ifs/innovation-funding-service/jmeter' 
2016/01/29 11:31:07 INFO  - jmeter.protocol.http.proxy.ProxyControl: Valid alias found for :root_ca: 
2016/01/29 11:31:07 INFO  - jmeter.protocol.http.proxy.ProxyControl: Valid alias found for :intermediate_ca: 
2016/01/29 11:31:07 INFO  - jmeter.protocol.http.proxy.Daemon: Creating Daemon Socket on port: 9000 
2016/01/29 11:31:07 INFO  - jmeter.protocol.http.proxy.Daemon: Test Script Recorder up and running! 
2016/01/29 11:31:15 INFO  - jmeter.protocol.http.proxy.Proxy: Proxy will remove the headers: If-Modified-Since,If-None-Match,Host 
2016/01/29 11:31:15 INFO  - jmeter.protocol.http.proxy.Proxy: [47818] KeyStore for SSL loaded OK and put host '0.client-channel.google.com' in map with key (0.client-channel.google.com) 
2016/01/29 11:31:15 INFO  - jmeter.protocol.http.proxy.Proxy: [47819] KeyStore for SSL loaded OK and put host 'www.google.com' in map with key (www.google.com) 
2016/01/29 11:31:15 WARN  - jmeter.protocol.http.proxy.Proxy: [47818] Problem with SSL certificate for '0.client-channel.google.com'? Ensure browser is set to accept the JMeter proxy cert: Received fatal alert: unknown_ca 
2016/01/29 11:31:15 INFO  - jmeter.samplers.SampleEvent: List of sample_variables: [] 
2016/01/29 11:31:15 WARN  - jmeter.protocol.http.proxy.Proxy: [47819] Problem with SSL certificate for 'www.google.com'? Ensure browser is set to accept the JMeter proxy cert: Received fatal alert: unknown_ca 
2016/01/29 11:31:15 WARN  - jmeter.protocol.http.proxy.Proxy: [47820] Problem with SSL certificate for '0.client-channel.google.com'? Ensure browser is set to accept the JMeter proxy cert: Received fatal alert: unknown_ca 
2016/01/29 11:31:15 WARN  - jmeter.protocol.http.proxy.Proxy: [47821] Problem with SSL certificate for '0.client-channel.google.com'? Ensure browser is set to accept the JMeter proxy cert: Received fatal alert: unknown_ca 
2016/01/29 11:31:15 WARN  - jmeter.protocol.http.proxy.Proxy: [47822] Problem with SSL certificate for 'www.google.com'? Ensure browser is set to accept the JMeter proxy cert: Received fatal alert: unknown_ca 
2016/01/29 11:31:19 WARN  - jmeter.protocol.http.proxy.Proxy: [47823] Problem with SSL certificate for '0.client-channel.google.com'? Ensure browser is set to accept the JMeter proxy cert: Received fatal alert: unknown_ca 
2016/01/29 11:31:19 WARN  - jmeter.protocol.http.proxy.Proxy: [47824] Problem with SSL certificate for '0.client-channel.google.com'? Ensure browser is set to accept the JMeter proxy cert: Received fatal alert: unknown_ca 
2016/01/29 11:31:19 WARN  - jmeter.protocol.http.proxy.Proxy: [47825] Problem with SSL certificate for 'www.google.com'? Ensure browser is set to accept the JMeter proxy cert: Received fatal alert: unknown_ca 
2016/01/29 11:31:23 WARN  - jmeter.protocol.http.proxy.Proxy: [47826] Problem with SSL certificate for '0.client-channel.google.com'? Ensure browser is set to accept the JMeter proxy cert: Received fatal alert: unknown_ca 
2016/01/29 11:31:23 WARN  - jmeter.protocol.http.proxy.Proxy: [47827] Problem with SSL certificate for '0.client-channel.google.com'? Ensure browser is set to accept the JMeter proxy cert: Received fatal alert: unknown_ca 
2016/01/29 11:31:23 WARN  - jmeter.protocol.http.proxy.Proxy: [47828] Problem with SSL certificate for 'www.google.com'? Ensure browser is set to accept the JMeter proxy cert: Received fatal alert: unknown_ca 
2016/01/29 11:31:24 INFO  - jmeter.protocol.http.proxy.ProxyControl: [47829] Creating entry tiles.services.mozilla.com in /usr/share/jmeter/bin/proxyserver.jks 
2016/01/29 11:31:25 INFO  - jmeter.protocol.http.proxy.Proxy: [47829] KeyStore for SSL loaded OK and put host 'tiles.services.mozilla.com' in map with key (tiles.services.mozilla.com) 
2016/01/29 11:31:25 WARN  - jmeter.protocol.http.proxy.Proxy: [47829] Problem with SSL certificate for 'tiles.services.mozilla.com'? Ensure browser is set to accept the JMeter proxy cert: Received fatal alert: unknown_ca 
2016/01/29 11:31:32 INFO  - jmeter.protocol.http.sampler.HTTPHCAbstractImpl: Local host = spitfire 
2016/01/29 11:31:32 INFO  - jmeter.protocol.http.sampler.HTTPHC4Impl: HTTP request retry count = 0 
2016/01/29 11:31:32 INFO  - jmeter.protocol.http.sampler.HTTPHC4Impl: Setting up HTTPS TrustAll scheme 
2016/01/29 11:31:32 INFO  - jmeter.util.JsseSSLManager: Using default SSL protocol: TLS 
2016/01/29 11:31:32 INFO  - jmeter.util.JsseSSLManager: SSL session context: per-thread 
2016/01/29 11:31:32 INFO  - jmeter.protocol.http.proxy.FormCharSetFinder: Using htmlparser version: 1.6 (Release Build Jun 10, 2006) 
2016/01/29 11:31:38 WARN  - jmeter.protocol.http.proxy.Proxy: [47855] Problem with SSL certificate for '0.client-channel.google.com'? Ensure browser is set to accept the JMeter proxy cert: Received fatal alert: unknown_ca 
2016/01/29 11:31:38 WARN  - jmeter.protocol.http.proxy.Proxy: [47856] Problem with SSL certificate for '0.client-channel.google.com'? Ensure browser is set to accept the JMeter proxy cert: Received fatal alert: unknown_ca 
2016/01/29 11:31:38 WARN  - jmeter.protocol.http.proxy.Proxy: [47857] Problem with SSL certificate for 'www.google.com'? Ensure browser is set to accept the JMeter proxy cert: Received fatal alert: unknown_ca 
2016/01/29 11:32:06 WARN  - jmeter.protocol.http.proxy.Proxy: [48019] Problem with SSL certificate for '0.client-channel.google.com'? Ensure browser is set to accept the JMeter proxy cert: Received fatal alert: unknown_ca 
2016/01/29 11:32:06 WARN  - jmeter.protocol.http.proxy.Proxy: [48020] Problem with SSL certificate for '0.client-channel.google.com'? Ensure browser is set to accept the JMeter proxy cert: Received fatal alert: unknown_ca 
2016/01/29 11:32:06 WARN  - jmeter.protocol.http.proxy.Proxy: [48021] Problem with SSL certificate for 'www.google.com'? Ensure browser is set to accept the JMeter proxy cert: Received fatal alert: unknown_ca 
2016/01/29 11:32:27 INFO  - jmeter.protocol.http.proxy.ProxyControl: [48130] Creating entry mail.google.com in /usr/share/jmeter/bin/proxyserver.jks 
2016/01/29 11:32:28 INFO  - jmeter.protocol.http.proxy.Proxy: [48130] KeyStore for SSL loaded OK and put host 'mail.google.com' in map with key (mail.google.com) 
2016/01/29 11:32:28 WARN  - jmeter.protocol.http.proxy.Proxy: [48130] Problem with SSL certificate for 'mail.google.com'? Ensure browser is set to accept the JMeter proxy cert: Received fatal alert: unknown_ca 
2016/01/29 11:32:31 INFO  - jmeter.protocol.http.proxy.ProxyControl: [48131] Creating entry play.google.com in /usr/share/jmeter/bin/proxyserver.jks 
2016/01/29 11:32:32 INFO  - jmeter.protocol.http.proxy.Proxy: [48131] KeyStore for SSL loaded OK and put host 'play.google.com' in map with key (play.google.com) 
2016/01/29 11:32:32 WARN  - jmeter.protocol.http.proxy.Proxy: [48131] Problem with SSL certificate for 'play.google.com'? Ensure browser is set to accept the JMeter proxy cert: Received fatal alert: unknown_ca 
2016/01/29 11:32:33 INFO  - jmeter.protocol.http.proxy.Daemon: HTTP(S) Test Script Recorder stopped 
2016/01/29 11:45:42 INFO  - jmeter.engine.StandardJMeterEngine: Listeners will be started after enabling running version 
2016/01/29 11:45:42 INFO  - jmeter.engine.StandardJMeterEngine: To revert to the earlier behaviour, define jmeterengine.startlistenerslater=false 
2016/01/29 11:45:42 INFO  - jmeter.engine.StandardJMeterEngine: Running the test! 
2016/01/29 11:45:42 INFO  - jmeter.samplers.SampleEvent: List of sample_variables: [] 
2016/01/29 11:45:42 INFO  - jmeter.gui.util.JMeterMenuBar: setRunning(true,*local*) 
2016/01/29 11:45:42 INFO  - jmeter.engine.StandardJMeterEngine: Starting ThreadGroup: 1 : Here is where we will do the recording 
2016/01/29 11:45:42 INFO  - jmeter.engine.StandardJMeterEngine: Starting 1 threads for group Here is where we will do the recording. 
2016/01/29 11:45:42 INFO  - jmeter.engine.StandardJMeterEngine: Thread will continue on error 
2016/01/29 11:45:42 INFO  - jmeter.threads.ThreadGroup: Starting thread group number 1 threads 1 ramp-up 1 perThread 1000.0 delayedStart=false 
2016/01/29 11:45:42 INFO  - jmeter.threads.JMeterThread: jmeterthread.startearlier=true (see jmeter.properties) 
2016/01/29 11:45:42 INFO  - jmeter.threads.JMeterThread: Running PostProcessors in forward order 
2016/01/29 11:45:42 INFO  - jmeter.threads.ThreadGroup: Started thread group number 1 
2016/01/29 11:45:42 INFO  - jmeter.engine.StandardJMeterEngine: All thread groups have been started 
2016/01/29 11:45:42 INFO  - jmeter.threads.JMeterThread: Thread started: Here is where we will do the recording 1-1 
2016/01/29 11:45:53 INFO  - jmeter.threads.JMeterThread: Thread finished: Here is where we will do the recording 1-1 
2016/01/29 11:45:53 INFO  - jmeter.engine.StandardJMeterEngine: Notifying test listeners of end of test 
2016/01/29 11:45:53 INFO  - jmeter.gui.util.JMeterMenuBar: setRunning(false,*local*) 
2016/01/29 13:22:50 INFO  - jmeter.engine.StandardJMeterEngine: Running the test! 
2016/01/29 13:22:50 INFO  - jmeter.samplers.SampleEvent: List of sample_variables: [] 
2016/01/29 13:22:50 INFO  - jmeter.gui.util.JMeterMenuBar: setRunning(true,*local*) 
2016/01/29 13:22:50 INFO  - jmeter.engine.StandardJMeterEngine: Starting ThreadGroup: 1 : Here is where we will do the recording 
2016/01/29 13:22:50 INFO  - jmeter.engine.StandardJMeterEngine: Starting 1 threads for group Here is where we will do the recording. 
2016/01/29 13:22:50 INFO  - jmeter.engine.StandardJMeterEngine: Thread will continue on error 
2016/01/29 13:22:50 INFO  - jmeter.threads.ThreadGroup: Starting thread group number 1 threads 1 ramp-up 1 perThread 1000.0 delayedStart=false 
2016/01/29 13:22:50 INFO  - jmeter.threads.ThreadGroup: Started thread group number 1 
2016/01/29 13:22:50 INFO  - jmeter.engine.StandardJMeterEngine: All thread groups have been started 
2016/01/29 13:22:50 INFO  - jmeter.threads.JMeterThread: Thread started: Here is where we will do the recording 1-1 
2016/01/29 13:23:08 INFO  - jmeter.threads.JMeterThread: Thread finished: Here is where we will do the recording 1-1 
2016/01/29 13:23:08 INFO  - jmeter.engine.StandardJMeterEngine: Notifying test listeners of end of test 
2016/01/29 13:23:08 INFO  - jmeter.gui.util.JMeterMenuBar: setRunning(false,*local*) 
2016/01/29 13:31:57 INFO  - jmeter.gui.action.Load: Loading file: /home/ewan/Documents/project/ifs/innovation-funding-service/jmeter/Hello_world.jmx 
2016/01/29 13:31:57 INFO  - jmeter.services.FileServer: Set new base='/home/ewan/Documents/project/ifs/innovation-funding-service/jmeter' 
2016/01/29 13:31:57 INFO  - jmeter.services.FileServer: Set new base='/home/ewan/Documents/project/ifs/innovation-funding-service/jmeter' 
2016/01/29 13:56:26 INFO  - jmeter.engine.StandardJMeterEngine: Running the test! 
2016/01/29 13:56:26 INFO  - jmeter.samplers.SampleEvent: List of sample_variables: [] 
2016/01/29 13:56:26 INFO  - jmeter.gui.util.JMeterMenuBar: setRunning(true,*local*) 
2016/01/29 13:56:27 INFO  - jmeter.engine.StandardJMeterEngine: Starting ThreadGroup: 1 : Lead Applicant Flow 
2016/01/29 13:56:27 INFO  - jmeter.engine.StandardJMeterEngine: Starting 5 threads for group Lead Applicant Flow. 
2016/01/29 13:56:27 INFO  - jmeter.engine.StandardJMeterEngine: Thread will continue on error 
2016/01/29 13:56:27 INFO  - jmeter.threads.ThreadGroup: Starting thread group number 1 threads 5 ramp-up 25 perThread 5000.0 delayedStart=false 
2016/01/29 13:56:27 INFO  - jmeter.threads.JMeterThread: Thread started: Lead Applicant Flow 1-1 
2016/01/29 13:56:27 INFO  - jmeter.threads.ThreadGroup: Started thread group number 1 
2016/01/29 13:56:27 INFO  - jmeter.engine.StandardJMeterEngine: All thread groups have been started 
2016/01/29 13:56:32 INFO  - jmeter.threads.JMeterThread: Thread started: Lead Applicant Flow 1-2 
2016/01/29 13:56:37 INFO  - jmeter.threads.JMeterThread: Thread started: Lead Applicant Flow 1-3 
2016/01/29 13:56:42 INFO  - jmeter.threads.JMeterThread: Thread started: Lead Applicant Flow 1-4 
2016/01/29 13:56:47 INFO  - jmeter.threads.JMeterThread: Thread started: Lead Applicant Flow 1-5 
2016/01/29 13:59:42 INFO  - jmeter.threads.JMeterThread: Thread finished: Lead Applicant Flow 1-1 
2016/01/29 13:59:47 INFO  - jmeter.threads.JMeterThread: Thread finished: Lead Applicant Flow 1-2 
2016/01/29 13:59:54 INFO  - jmeter.threads.JMeterThread: Thread finished: Lead Applicant Flow 1-3 
2016/01/29 13:59:58 INFO  - jmeter.threads.JMeterThread: Thread finished: Lead Applicant Flow 1-4 
2016/01/29 14:00:02 INFO  - jmeter.threads.JMeterThread: Thread finished: Lead Applicant Flow 1-5 
2016/01/29 14:00:02 INFO  - jmeter.engine.StandardJMeterEngine: Notifying test listeners of end of test 
2016/01/29 14:00:02 INFO  - jmeter.gui.util.JMeterMenuBar: setRunning(false,*local*) 
2016/01/29 15:54:57 INFO  - jmeter.engine.StandardJMeterEngine: Running the test! 
2016/01/29 15:54:57 INFO  - jmeter.samplers.SampleEvent: List of sample_variables: [] 
2016/01/29 15:54:57 INFO  - jmeter.gui.util.JMeterMenuBar: setRunning(true,*local*) 
2016/01/29 15:54:57 INFO  - jmeter.engine.StandardJMeterEngine: Starting ThreadGroup: 1 : Lead Applicant Flow 
2016/01/29 15:54:57 INFO  - jmeter.engine.StandardJMeterEngine: Starting 5 threads for group Lead Applicant Flow. 
2016/01/29 15:54:57 INFO  - jmeter.engine.StandardJMeterEngine: Thread will continue on error 
2016/01/29 15:54:57 INFO  - jmeter.threads.ThreadGroup: Starting thread group number 1 threads 5 ramp-up 25 perThread 5000.0 delayedStart=false 
2016/01/29 15:54:57 INFO  - jmeter.threads.JMeterThread: Thread started: Lead Applicant Flow 1-1 
2016/01/29 15:54:57 INFO  - jmeter.threads.ThreadGroup: Started thread group number 1 
2016/01/29 15:54:57 INFO  - jmeter.engine.StandardJMeterEngine: Starting ThreadGroup: 2 : Lead Assessor Flow 
2016/01/29 15:54:57 INFO  - jmeter.engine.StandardJMeterEngine: Starting 5 threads for group Lead Assessor Flow. 
2016/01/29 15:54:57 INFO  - jmeter.engine.StandardJMeterEngine: Thread will continue on error 
2016/01/29 15:54:57 INFO  - jmeter.threads.ThreadGroup: Starting thread group number 2 threads 5 ramp-up 25 perThread 5000.0 delayedStart=false 
2016/01/29 15:54:57 INFO  - jmeter.threads.JMeterThread: Thread started: Lead Assessor Flow 2-1 
2016/01/29 15:54:57 INFO  - jmeter.threads.ThreadGroup: Started thread group number 2 
2016/01/29 15:54:57 INFO  - jmeter.engine.StandardJMeterEngine: Starting ThreadGroup: 3 : Create application flow 
2016/01/29 15:54:57 INFO  - jmeter.engine.StandardJMeterEngine: Starting 5 threads for group Create application flow. 
2016/01/29 15:54:57 INFO  - jmeter.engine.StandardJMeterEngine: Thread will continue on error 
2016/01/29 15:54:57 INFO  - jmeter.threads.ThreadGroup: Starting thread group number 3 threads 5 ramp-up 25 perThread 5000.0 delayedStart=false 
2016/01/29 15:54:57 INFO  - jmeter.threads.JMeterThread: Thread started: Create application flow 3-1 
2016/01/29 15:54:57 INFO  - jmeter.threads.ThreadGroup: Started thread group number 3 
2016/01/29 15:54:57 INFO  - jmeter.engine.StandardJMeterEngine: All thread groups have been started 
2016/01/29 15:54:59 INFO  - jmeter.threads.JMeterThread: Thread finished: Create application flow 3-1 
2016/01/29 15:55:02 INFO  - jmeter.threads.JMeterThread: Thread started: Lead Applicant Flow 1-2 
2016/01/29 15:55:02 INFO  - jmeter.threads.JMeterThread: Thread started: Lead Assessor Flow 2-2 
2016/01/29 15:55:02 INFO  - jmeter.threads.JMeterThread: Thread started: Create application flow 3-2 
2016/01/29 15:55:05 INFO  - jmeter.threads.JMeterThread: Thread finished: Create application flow 3-2 
2016/01/29 15:55:07 INFO  - jmeter.threads.JMeterThread: Thread started: Lead Applicant Flow 1-3 
2016/01/29 15:55:07 INFO  - jmeter.threads.JMeterThread: Thread started: Lead Assessor Flow 2-3 
2016/01/29 15:55:07 INFO  - jmeter.threads.JMeterThread: Thread started: Create application flow 3-3 
2016/01/29 15:55:10 INFO  - jmeter.threads.JMeterThread: Thread finished: Create application flow 3-3 
2016/01/29 15:55:12 INFO  - jmeter.threads.JMeterThread: Thread started: Lead Applicant Flow 1-4 
2016/01/29 15:55:12 INFO  - jmeter.threads.JMeterThread: Thread started: Lead Assessor Flow 2-4 
2016/01/29 15:55:12 INFO  - jmeter.threads.JMeterThread: Thread started: Create application flow 3-4 
2016/01/29 15:55:17 INFO  - jmeter.threads.JMeterThread: Thread started: Lead Applicant Flow 1-5 
2016/01/29 15:55:17 INFO  - jmeter.threads.JMeterThread: Thread started: Lead Assessor Flow 2-5 
2016/01/29 15:55:17 INFO  - jmeter.threads.JMeterThread: Thread started: Create application flow 3-5 
2016/01/29 15:55:18 INFO  - jmeter.threads.JMeterThread: Thread finished: Create application flow 3-4 
2016/01/29 15:55:20 INFO  - jmeter.threads.JMeterThread: Thread finished: Create application flow 3-5 
2016/01/29 15:55:48 INFO  - jmeter.threads.JMeterThread: Thread finished: Lead Assessor Flow 2-1 
2016/01/29 15:55:53 INFO  - jmeter.threads.JMeterThread: Thread finished: Lead Assessor Flow 2-2 
2016/01/29 15:55:57 INFO  - jmeter.threads.JMeterThread: Thread finished: Lead Assessor Flow 2-3 
2016/01/29 15:56:00 INFO  - jmeter.threads.JMeterThread: Thread finished: Lead Assessor Flow 2-4 
2016/01/29 15:56:02 INFO  - jmeter.threads.JMeterThread: Thread finished: Lead Assessor Flow 2-5 
2016/01/29 15:58:46 INFO  - jmeter.threads.JMeterThread: Thread finished: Lead Applicant Flow 1-1 
2016/01/29 15:58:47 INFO  - jmeter.threads.JMeterThread: Thread finished: Lead Applicant Flow 1-2 
2016/01/29 15:58:50 INFO  - jmeter.threads.JMeterThread: Thread finished: Lead Applicant Flow 1-3 
2016/01/29 15:58:51 INFO  - jmeter.threads.JMeterThread: Thread finished: Lead Applicant Flow 1-4 
2016/01/29 15:58:52 INFO  - jmeter.threads.JMeterThread: Thread finished: Lead Applicant Flow 1-5 
2016/01/29 15:58:52 INFO  - jmeter.engine.StandardJMeterEngine: Notifying test listeners of end of test 
2016/01/29 15:58:52 INFO  - jmeter.gui.util.JMeterMenuBar: setRunning(false,*local*) 
